<?xml version="1.0" encoding="UTF-8"?>
<testsuite name="changwin.ProblemaSpec" tests="4" skipped="0" failures="0" errors="0" timestamp="2022-06-16T18:11:07" hostname="Belladonna" time="0.76">
  <properties/>
  <testcase name="Problema es creado con todos sus datos necesarios" classname="changwin.ProblemaSpec" time="0.65"/>
  <testcase name="Problema puede cambiar descripcion" classname="changwin.ProblemaSpec" time="0.008"/>
  <testcase name="Problema puede agregar una nueva imagen" classname="changwin.ProblemaSpec" time="0.007"/>
  <testcase name="Problema puede agregar una cotizacion" classname="changwin.ProblemaSpec" time="0.09"/>
  <system-out><![CDATA[]]></system-out>
  <system-err><![CDATA[]]></system-err>
</testsuite>
