<?xml version="1.0" encoding="UTF-8"?>
<testsuite name="changwin.ChatSpec" tests="1" skipped="0" failures="0" errors="0" timestamp="2022-06-16T21:50:29" hostname="HP-SAR" time="0.001">
  <properties/>
  <testcase name="test something" classname="changwin.ChatSpec" time="0.001"/>
  <system-out><![CDATA[]]></system-out>
  <system-err><![CDATA[]]></system-err>
</testsuite>
