<?xml version="1.0" encoding="UTF-8"?>
<testsuite name="changwin.ExpertoSpec" tests="3" skipped="0" failures="0" errors="0" timestamp="2022-06-16T21:50:28" hostname="HP-SAR" time="0.014">
  <properties/>
  <testcase name="Agregado de rubro" classname="changwin.ExpertoSpec" time="0.008"/>
  <testcase name="Eliminado de rubro" classname="changwin.ExpertoSpec" time="0.002"/>
  <testcase name="Cotizar un problema" classname="changwin.ExpertoSpec" time="0.004"/>
  <system-out><![CDATA[]]></system-out>
  <system-err><![CDATA[]]></system-err>
</testsuite>
