<?xml version="1.0" encoding="UTF-8"?>
<testsuite name="changwin.ExpertoSpec" tests="4" skipped="0" failures="0" errors="0" timestamp="2022-06-16T22:42:55" hostname="Belladonna" time="0.042">
  <properties/>
  <testcase name="Agregado de rubro" classname="changwin.ExpertoSpec" time="0.018"/>
  <testcase name="Eliminado de rubro" classname="changwin.ExpertoSpec" time="0.003"/>
  <testcase name="Cotizar un problema" classname="changwin.ExpertoSpec" time="0.012"/>
  <testcase name="Chatear con Necesitado" classname="changwin.ExpertoSpec" time="0.007"/>
  <system-out><![CDATA[]]></system-out>
  <system-err><![CDATA[]]></system-err>
</testsuite>
