<?xml version="1.0" encoding="UTF-8"?>
<testsuite name="changwin.ExpertoSpec" tests="7" skipped="0" failures="0" errors="0" timestamp="2022-08-15T19:13:17" hostname="Belladonna" time="0.096">
  <properties/>
  <testcase name="Agregado de rubro" classname="changwin.ExpertoSpec" time="0.027"/>
  <testcase name="Eliminado de rubro" classname="changwin.ExpertoSpec" time="0.013"/>
  <testcase name="Cotizar un problema" classname="changwin.ExpertoSpec" time="0.017"/>
  <testcase name="Cotizar un problema con rubro invalido" classname="changwin.ExpertoSpec" time="0.01"/>
  <testcase name="Cotizar un problema con certificado vencido" classname="changwin.ExpertoSpec" time="0.009"/>
  <testcase name="No se puede cotizar un problema ya confirmado" classname="changwin.ExpertoSpec" time="0.009"/>
  <testcase name="Chatear con Necesitado" classname="changwin.ExpertoSpec" time="0.009"/>
  <system-out><![CDATA[]]></system-out>
  <system-err><![CDATA[]]></system-err>
</testsuite>
