<?xml version="1.0" encoding="UTF-8"?>
<testsuite name="changwin.NecesitadoSpec" tests="8" skipped="0" failures="0" errors="0" timestamp="2022-06-16T22:42:53" hostname="Belladonna" time="1.026">
  <properties/>
  <testcase name="Crear problema" classname="changwin.NecesitadoSpec" time="0.81"/>
  <testcase name="Eliminar problema" classname="changwin.NecesitadoSpec" time="0.009"/>
  <testcase name="Crear un problema con emergencia" classname="changwin.NecesitadoSpec" time="0.01"/>
  <testcase name="Cambiar descripcion de problema" classname="changwin.NecesitadoSpec" time="0.009"/>
  <testcase name="Subir nueva imagen al problema" classname="changwin.NecesitadoSpec" time="0.008"/>
  <testcase name="Aceptar una cotizacion" classname="changwin.NecesitadoSpec" time="0.116"/>
  <testcase name="Calificar un laburo" classname="changwin.NecesitadoSpec" time="0.015"/>
  <testcase name="Chatear con Experto" classname="changwin.NecesitadoSpec" time="0.037"/>
  <system-out><![CDATA[]]></system-out>
  <system-err><![CDATA[]]></system-err>
</testsuite>
